{"level":"INFO","message":"[11:48:53.586 AM]: Creating new connection object"}
{"level":"INFO","message":"[11:48:53.596 AM]: Creating Connection[id: 7c0a9e54-4bb1-412a-a393-26e63c5a9f97] with host: BUZEFPW-NG26749.snowflakecomputing.com, account: BUZEFPW-NG26749, accessUrl: https://BUZEFPW-NG26749.snowflakecomputing.com, user: timesheet_user, role: undefined, database: timesheet_db, schema: raw, warehouse: COMPUTE_WH, proxy was not configured, password is provided, region: undefined, authenticator: SNOWFLAKE, ocsp mode: FAIL_OPEN, os: win32, os version: 10.0.26100"}
{"level":"INFO","message":"[11:48:53.597 AM]: Connection[id: 7c0a9e54-4bb1-412a-a393-26e63c5a9f97] additional details: passcode in password is provided, passcode is not provided, private key is not provided, application: undefined, client name: snowflake-sdk, client version: 2.1.0, retry timeout: 300, private key path: undefined, private key pass is not provided, client store temporary credential: false, browser response timeout: 120000"}
{"level":"INFO","message":"[11:48:53.597 AM]: Connection[id: 7c0a9e54-4bb1-412a-a393-26e63c5a9f97] - connection object created successfully."}
{"level":"INFO","message":"[11:52:07.275 AM]: Creating new connection object"}
{"level":"INFO","message":"[11:52:07.286 AM]: Creating Connection[id: b3c9c9cc-93a5-4076-9612-44054e5b1206] with host: BUZEFPW-NG26749.snowflakecomputing.com, account: BUZEFPW-NG26749, accessUrl: https://BUZEFPW-NG26749.snowflakecomputing.com, user: timesheet_user, role: undefined, database: timesheet_db, schema: raw, warehouse: COMPUTE_WH, proxy was not configured, password is provided, region: undefined, authenticator: SNOWFLAKE, ocsp mode: FAIL_OPEN, os: win32, os version: 10.0.26100"}
{"level":"INFO","message":"[11:52:07.286 AM]: Connection[id: b3c9c9cc-93a5-4076-9612-44054e5b1206] additional details: passcode in password is provided, passcode is not provided, private key is not provided, application: undefined, client name: snowflake-sdk, client version: 2.1.0, retry timeout: 300, private key path: undefined, private key pass is not provided, client store temporary credential: false, browser response timeout: 120000"}
{"level":"INFO","message":"[11:52:07.287 AM]: Connection[id: b3c9c9cc-93a5-4076-9612-44054e5b1206] - connection object created successfully."}
{"level":"INFO","message":"[11:52:16.423 AM]: Creating new connection object"}
{"level":"INFO","message":"[11:52:16.433 AM]: Creating Connection[id: 8edf881b-b871-410f-81db-11b4efbf151d] with host: BUZEFPW-NG26749.snowflakecomputing.com, account: BUZEFPW-NG26749, accessUrl: https://BUZEFPW-NG26749.snowflakecomputing.com, user: timesheet_user, role: undefined, database: timesheet_db, schema: raw, warehouse: COMPUTE_WH, proxy was not configured, password is provided, region: undefined, authenticator: SNOWFLAKE, ocsp mode: FAIL_OPEN, os: win32, os version: 10.0.26100"}
{"level":"INFO","message":"[11:52:16.434 AM]: Connection[id: 8edf881b-b871-410f-81db-11b4efbf151d] additional details: passcode in password is provided, passcode is not provided, private key is not provided, application: undefined, client name: snowflake-sdk, client version: 2.1.0, retry timeout: 300, private key path: undefined, private key pass is not provided, client store temporary credential: false, browser response timeout: 120000"}
{"level":"INFO","message":"[11:52:16.434 AM]: Connection[id: 8edf881b-b871-410f-81db-11b4efbf151d] - connection object created successfully."}
{"level":"INFO","message":"[11:58:44.167 AM]: Creating new connection object"}
{"level":"INFO","message":"[11:58:44.178 AM]: Creating Connection[id: 8eb42939-f242-46f4-99fd-d34c063d29a5] with host: BUZEFPW-NG26749.snowflakecomputing.com, account: BUZEFPW-NG26749, accessUrl: https://BUZEFPW-NG26749.snowflakecomputing.com, user: timesheet_user, role: undefined, database: timesheet_db, schema: raw, warehouse: COMPUTE_WH, proxy was not configured, password is provided, region: undefined, authenticator: SNOWFLAKE, ocsp mode: FAIL_OPEN, os: win32, os version: 10.0.26100"}
{"level":"INFO","message":"[11:58:44.179 AM]: Connection[id: 8eb42939-f242-46f4-99fd-d34c063d29a5] additional details: passcode in password is provided, passcode is not provided, private key is not provided, application: undefined, client name: snowflake-sdk, client version: 2.1.0, retry timeout: 300, private key path: undefined, private key pass is not provided, client store temporary credential: false, browser response timeout: 120000"}
{"level":"INFO","message":"[11:58:44.179 AM]: Connection[id: 8eb42939-f242-46f4-99fd-d34c063d29a5] - connection object created successfully."}
{"level":"INFO","message":"[12:03:52.379 PM]: Creating new connection object"}
{"level":"INFO","message":"[12:03:52.390 PM]: Creating Connection[id: 7e29005e-0298-4e2d-b4eb-a0569632416e] with host: BUZEFPW-NG26749.snowflakecomputing.com, account: BUZEFPW-NG26749, accessUrl: https://BUZEFPW-NG26749.snowflakecomputing.com, user: timesheet_user, role: undefined, database: timesheet_db, schema: raw, warehouse: COMPUTE_WH, proxy was not configured, password is provided, region: undefined, authenticator: SNOWFLAKE, ocsp mode: FAIL_OPEN, os: win32, os version: 10.0.26100"}
{"level":"INFO","message":"[12:03:52.391 PM]: Connection[id: 7e29005e-0298-4e2d-b4eb-a0569632416e] additional details: passcode in password is provided, passcode is not provided, private key is not provided, application: undefined, client name: snowflake-sdk, client version: 2.1.0, retry timeout: 300, private key path: undefined, private key pass is not provided, client store temporary credential: false, browser response timeout: 120000"}
{"level":"INFO","message":"[12:03:52.391 PM]: Connection[id: 7e29005e-0298-4e2d-b4eb-a0569632416e] - connection object created successfully."}
{"level":"INFO","message":"[12:03:52.403 PM]: Connection[id: 7e29005e-0298-4e2d-b4eb-a0569632416e] - connecting. Associated Snowflake domain: GLOBAL"}
{"level":"INFO","message":"[12:03:52.405 PM]: Connection[id: 7e29005e-0298-4e2d-b4eb-a0569632416e] - authentication successful using: SNOWFLAKE"}
{"level":"INFO","message":"[12:03:52.405 PM]: Trying to initialize Easy Logging"}
{"level":"INFO","message":"[12:03:52.409 PM]: No client config detected."}
{"level":"INFO","message":"[12:03:52.410 PM]: No config file path found. Client config will not be used."}
{"level":"INFO","message":"[12:03:52.410 PM]: Easy Logging is disabled as no config has been found"}
{"level":"INFO","message":"[12:03:52.413 PM]: Connection[id: 7e29005e-0298-4e2d-b4eb-a0569632416e] - connected successfully after 10.117800000000045 milliseconds"}
{"level":"INFO","message":"[12:19:36.431 PM]: Creating new connection object"}
{"level":"INFO","message":"[12:19:36.442 PM]: Creating Connection[id: d3046fd8-df44-4c0c-956c-7713f8b2d2bd] with host: BUZEFPW-NG26749.snowflakecomputing.com, account: BUZEFPW-NG26749, accessUrl: https://BUZEFPW-NG26749.snowflakecomputing.com, user: timesheet_user, role: undefined, database: timesheet_db, schema: raw, warehouse: COMPUTE_WH, proxy was not configured, password is provided, region: undefined, authenticator: SNOWFLAKE, ocsp mode: FAIL_OPEN, os: win32, os version: 10.0.26100"}
{"level":"INFO","message":"[12:19:36.442 PM]: Connection[id: d3046fd8-df44-4c0c-956c-7713f8b2d2bd] additional details: passcode in password is provided, passcode is not provided, private key is not provided, application: undefined, client name: snowflake-sdk, client version: 2.1.0, retry timeout: 300, private key path: undefined, private key pass is not provided, client store temporary credential: false, browser response timeout: 120000"}
{"level":"INFO","message":"[12:19:36.443 PM]: Connection[id: d3046fd8-df44-4c0c-956c-7713f8b2d2bd] - connection object created successfully."}
{"level":"INFO","message":"[12:21:10.802 PM]: Creating new connection object"}
{"level":"INFO","message":"[12:21:10.813 PM]: Creating Connection[id: 3678758d-bf5e-4ff7-a660-c30df4aa6fe8] with host: BUZEFPW-NG26749.snowflakecomputing.com, account: BUZEFPW-NG26749, accessUrl: https://BUZEFPW-NG26749.snowflakecomputing.com, user: timesheet_user, role: undefined, database: timesheet_db, schema: raw, warehouse: COMPUTE_WH, proxy was not configured, password is provided, region: undefined, authenticator: SNOWFLAKE, ocsp mode: FAIL_OPEN, os: win32, os version: 10.0.26100"}
{"level":"INFO","message":"[12:21:10.814 PM]: Connection[id: 3678758d-bf5e-4ff7-a660-c30df4aa6fe8] additional details: passcode in password is provided, passcode is not provided, private key is not provided, application: undefined, client name: snowflake-sdk, client version: 2.1.0, retry timeout: 300, private key path: undefined, private key pass is not provided, client store temporary credential: false, browser response timeout: 120000"}
{"level":"INFO","message":"[12:21:10.814 PM]: Connection[id: 3678758d-bf5e-4ff7-a660-c30df4aa6fe8] - connection object created successfully."}
{"level":"INFO","message":"[12:21:10.815 PM]: Connection[id: 3678758d-bf5e-4ff7-a660-c30df4aa6fe8] - connecting. Associated Snowflake domain: GLOBAL"}
{"level":"INFO","message":"[12:21:10.816 PM]: Connection[id: 3678758d-bf5e-4ff7-a660-c30df4aa6fe8] - authentication successful using: SNOWFLAKE"}
{"level":"INFO","message":"[12:21:10.816 PM]: Trying to initialize Easy Logging"}
{"level":"INFO","message":"[12:21:10.819 PM]: No client config detected."}
{"level":"INFO","message":"[12:21:10.819 PM]: No config file path found. Client config will not be used."}
{"level":"INFO","message":"[12:21:10.820 PM]: Easy Logging is disabled as no config has been found"}
{"level":"INFO","message":"[12:21:10.823 PM]: Connection[id: 3678758d-bf5e-4ff7-a660-c30df4aa6fe8] - connected successfully after 8.31740000000002 milliseconds"}
{"level":"INFO","message":"[12:22:39.633 PM]: Creating new connection object"}
{"level":"INFO","message":"[12:22:39.646 PM]: Creating Connection[id: 477223f0-542a-45ad-82bd-07cf57cbfbe8] with host: BUZEFPW-NG26749.snowflakecomputing.com, account: BUZEFPW-NG26749, accessUrl: https://BUZEFPW-NG26749.snowflakecomputing.com, user: timesheet_user, role: undefined, database: timesheet_db, schema: raw, warehouse: COMPUTE_WH, proxy was not configured, password is provided, region: undefined, authenticator: SNOWFLAKE, ocsp mode: FAIL_OPEN, os: win32, os version: 10.0.26100"}
{"level":"INFO","message":"[12:22:39.648 PM]: Connection[id: 477223f0-542a-45ad-82bd-07cf57cbfbe8] additional details: passcode in password is provided, passcode is not provided, private key is not provided, application: undefined, client name: snowflake-sdk, client version: 2.1.0, retry timeout: 300, private key path: undefined, private key pass is not provided, client store temporary credential: false, browser response timeout: 120000"}
{"level":"INFO","message":"[12:22:39.649 PM]: Connection[id: 477223f0-542a-45ad-82bd-07cf57cbfbe8] - connection object created successfully."}
{"level":"INFO","message":"[12:22:39.662 PM]: Connection[id: 477223f0-542a-45ad-82bd-07cf57cbfbe8] - connecting. Associated Snowflake domain: GLOBAL"}
{"level":"INFO","message":"[12:22:39.663 PM]: Connection[id: 477223f0-542a-45ad-82bd-07cf57cbfbe8] - authentication successful using: SNOWFLAKE"}
{"level":"INFO","message":"[12:22:39.665 PM]: Trying to initialize Easy Logging"}
{"level":"INFO","message":"[12:22:39.670 PM]: No client config detected."}
{"level":"INFO","message":"[12:22:39.671 PM]: No config file path found. Client config will not be used."}
{"level":"INFO","message":"[12:22:39.672 PM]: Easy Logging is disabled as no config has been found"}
{"level":"INFO","message":"[12:22:39.674 PM]: Connection[id: 477223f0-542a-45ad-82bd-07cf57cbfbe8] - connected successfully after 12.532600000000002 milliseconds"}
